<?xml version="1.0" encoding="UTF-8"?>
<testng-results ignored="0" total="1" passed="1" failed="0" skipped="0">
  <reporter-output>
  </reporter-output>
  <suite started-at="2020-02-18T16:16:08 IST" name="Suite" finished-at="2020-02-18T16:16:37 IST" duration-ms="28472">
    <groups>
    </groups>
    <test started-at="2020-02-18T16:16:08 IST" name="Test" finished-at="2020-02-18T16:16:37 IST" duration-ms="28472">
      <class name="Testng.NewTest">
        <test-method is-config="true" signature="beforeTest()[pri:0, instance:Testng.NewTest@7403c468]" started-at="2020-02-18T16:16:08 IST" name="beforeTest" finished-at="2020-02-18T16:16:15 IST" duration-ms="6309" status="PASS">
          <reporter-output>
          </reporter-output>
        </test-method> <!-- beforeTest -->
        <test-method signature="f()[pri:0, instance:Testng.NewTest@7403c468]" started-at="2020-02-18T16:16:15 IST" name="f" finished-at="2020-02-18T16:16:37 IST" duration-ms="22141" status="PASS">
          <reporter-output>
          </reporter-output>
        </test-method> <!-- f -->
        <test-method is-config="true" signature="afterTest()[pri:0, instance:Testng.NewTest@7403c468]" started-at="2020-02-18T16:16:37 IST" name="afterTest" finished-at="2020-02-18T16:16:37 IST" duration-ms="1" status="PASS">
          <reporter-output>
          </reporter-output>
        </test-method> <!-- afterTest -->
      </class> <!-- Testng.NewTest -->
    </test> <!-- Test -->
  </suite> <!-- Suite -->
</testng-results>
