<?xml version="1.0" encoding="UTF-8"?>
<testng-results ignored="0" total="1" passed="1" failed="0" skipped="0">
  <reporter-output>
  </reporter-output>
  <suite started-at="2020-02-18T13:43:13 IST" name="Default suite" finished-at="2020-02-18T13:43:32 IST" duration-ms="18859">
    <groups>
    </groups>
    <test started-at="2020-02-18T13:43:13 IST" name="Default test" finished-at="2020-02-18T13:43:32 IST" duration-ms="18859">
      <class name="Testng.NewTest">
        <test-method is-config="true" signature="beforeTest()[pri:0, instance:Testng.NewTest@43ee72e6]" started-at="2020-02-18T13:43:13 IST" name="beforeTest" finished-at="2020-02-18T13:43:22 IST" duration-ms="9197" status="PASS">
          <reporter-output>
          </reporter-output>
        </test-method> <!-- beforeTest -->
        <test-method signature="f()[pri:0, instance:Testng.NewTest@43ee72e6]" started-at="2020-02-18T13:43:22 IST" name="f" finished-at="2020-02-18T13:43:32 IST" duration-ms="9628" status="PASS">
          <reporter-output>
          </reporter-output>
        </test-method> <!-- f -->
        <test-method is-config="true" signature="afterTest()[pri:0, instance:Testng.NewTest@43ee72e6]" started-at="2020-02-18T13:43:32 IST" name="afterTest" finished-at="2020-02-18T13:43:32 IST" duration-ms="1" status="PASS">
          <reporter-output>
          </reporter-output>
        </test-method> <!-- afterTest -->
      </class> <!-- Testng.NewTest -->
    </test> <!-- Default test -->
  </suite> <!-- Default suite -->
</testng-results>
